<?xml version="1.0" encoding="UTF-8"?>
<!-- Generated by org.testng.reporters.JUnitReportReporter -->
<testsuite hostname="DESKTOP-HIN4ESK" failures="0" tests="1" name="Ques_1.jqueryui_datepicker" time="2.419" errors="0" timestamp="2024-08-07T22:16:11 IST" skipped="0">
  <testcase classname="Ques_1.jqueryui_datepicker" name="f" time="2.419"/>
</testsuite> <!-- Ques_1.jqueryui_datepicker -->
