<?xml version="1.0" encoding="UTF-8"?>
<!-- Generated by org.testng.reporters.JUnitReportReporter -->
<testsuite hostname="DESKTOP-HIN4ESK" failures="0" tests="2" name="Ques_2.jqueryui_droppable" time="2.583" errors="0" timestamp="2024-08-07T22:16:23 IST" skipped="0">
  <testcase classname="Ques_2.jqueryui_droppable" name="before" time="0.083"/>
  <testcase classname="Ques_2.jqueryui_droppable" name="after" time="2.500"/>
</testsuite> <!-- Ques_2.jqueryui_droppable -->
